    OpenRGB v0.81
    Commit:  from 
    Launched: 20230718_205637
====================================================================================================

0     |Info:    Found file: LED OFF.orp attempting to validate header
0     |Info:    Valid v4 profile found for LED OFF
1010  |Info:    ------------------------------------------------------
1010  |Info:    |               Start device detection               |
1010  |Info:    ------------------------------------------------------
1010  |Info:    Initializing HID interfaces: Success
1012  |Info:    ------------------------------------------------------
1012  |Info:    |             Detecting I2C interfaces               |
1012  |Info:    ------------------------------------------------------
1014  |Info:    Registering I2C interface: /dev/i2c-3 Device 8086:9BC5 Subsystem: 1458:D000
1016  |Info:    Registering I2C interface: /dev/i2c-1 Device 8086:9BC5 Subsystem: 1458:D000
1016  |Warning: [i2c_smbus_linux] Failed to read i2c device PCI device ID
1016  |Info:    Registering I2C interface: /dev/i2c-6 Device 0000:0000 Subsystem: 0000:0000
1016  |Info:    Registering I2C interface: /dev/i2c-4 Device 8086:9BC5 Subsystem: 1458:D000
1016  |Info:    Registering I2C interface: /dev/i2c-2 Device 8086:9BC5 Subsystem: 1458:D000
1016  |Info:    Registering I2C interface: /dev/i2c-0 Device 8086:06A3 Subsystem: 1458:5001
1017  |Warning: [i2c_smbus_linux] Failed to read i2c device PCI device ID
1017  |Info:    Registering I2C interface: /dev/i2c-5 Device 0000:0000 Subsystem: 0000:0000
1017  |Info:    ------------------------------------------------------
1017  |Info:    |               Detecting I2C devices                |
1017  |Info:    ------------------------------------------------------
1329  |Info:    [ASUS Aura Motherboard] Registering RGB controller
1894  |Info:    ------------------------------------------------------
1894  |Info:    |               Detecting I2C PCI devices            |
1894  |Info:    ------------------------------------------------------
1895  |Info:    ------------------------------------------------------
1895  |Info:    |               Detecting HID devices                |
1895  |Info:    ------------------------------------------------------
2071  |Info:    [Z490I AORUS ULTRA] Registering RGB controller
2075  |Info:    [Logitech G203 Lightsync] Registering RGB controller
2075  |Info:    ------------------------------------------------------
2075  |Info:    |            Detecting libusb HID devices            |
2075  |Info:    ------------------------------------------------------
2076  |Info:    ------------------------------------------------------
2076  |Info:    |              Detecting other devices               |
2076  |Info:    ------------------------------------------------------
2079  |Info:    ------------------------------------------------------
2079  |Info:    |                Detection completed                 |
2079  |Info:    ------------------------------------------------------
