    OpenRGB v0.81
    Commit:  from 
    Launched: 20230718_103813
====================================================================================================

0     |Info:    Found file: LED OFF.orp attempting to validate header
1     |Info:    Valid v4 profile found for LED OFF
1006  |Info:    ------------------------------------------------------
1006  |Info:    |               Start device detection               |
1006  |Info:    ------------------------------------------------------
1007  |Info:    Initializing HID interfaces: Success
1009  |Info:    ------------------------------------------------------
1009  |Info:    |             Detecting I2C interfaces               |
1009  |Info:    ------------------------------------------------------
1009  |Info:    Registering I2C interface: /dev/i2c-3 Device 8086:9BC5 Subsystem: 1458:D000
1009  |Info:    Registering I2C interface: /dev/i2c-1 Device 8086:9BC5 Subsystem: 1458:D000
1009  |Warning: [i2c_smbus_linux] Failed to read i2c device PCI device ID
1014  |Info:    Registering I2C interface: /dev/i2c-6 Device 0000:0000 Subsystem: 0000:0000
1014  |Info:    Registering I2C interface: /dev/i2c-4 Device 8086:9BC5 Subsystem: 1458:D000
1014  |Info:    Registering I2C interface: /dev/i2c-2 Device 8086:9BC5 Subsystem: 1458:D000
1014  |Info:    Registering I2C interface: /dev/i2c-0 Device 8086:06A3 Subsystem: 1458:5001
1014  |Warning: [i2c_smbus_linux] Failed to read i2c device PCI device ID
1014  |Info:    Registering I2C interface: /dev/i2c-5 Device 0000:0000 Subsystem: 0000:0000
1014  |Info:    ------------------------------------------------------
1014  |Info:    |               Detecting I2C devices                |
1014  |Info:    ------------------------------------------------------
1312  |Info:    [ASUS Aura Motherboard] Registering RGB controller
1887  |Info:    ------------------------------------------------------
1887  |Info:    |               Detecting I2C PCI devices            |
1887  |Info:    ------------------------------------------------------
1890  |Info:    ------------------------------------------------------
1890  |Info:    |               Detecting HID devices                |
1890  |Info:    ------------------------------------------------------
1893  |Info:    [Logitech G203 Lightsync] Registering RGB controller
1893  |Info:    ------------------------------------------------------
1893  |Info:    |            Detecting libusb HID devices            |
1893  |Info:    ------------------------------------------------------
1893  |Info:    ------------------------------------------------------
1893  |Info:    |              Detecting other devices               |
1893  |Info:    ------------------------------------------------------
1899  |Info:    ------------------------------------------------------
1899  |Info:    |                Detection completed                 |
1899  |Info:    ------------------------------------------------------
779228|Info:    Profile loading: Succeeded for ASUS Aura Motherboard @ I2C: /dev/i2c-0, address 0x74
779228|Info:    Profile loading: Succeeded for Logitech G203 Lightsync @ HID: /dev/hidraw1
