    OpenRGB v0.81
    Commit:  from 
    Launched: 20230718_022913
====================================================================================================

0     |Info:    Found file: LED OFF.orp attempting to validate header
0     |Info:    Valid v4 profile found for LED OFF
1002  |Info:    ------------------------------------------------------
1002  |Info:    |               Start device detection               |
1002  |Info:    ------------------------------------------------------
1002  |Info:    Initializing HID interfaces: Success
1004  |Info:    ------------------------------------------------------
1004  |Info:    |             Detecting I2C interfaces               |
1004  |Info:    ------------------------------------------------------
1006  |Info:    Registering I2C interface: /dev/i2c-3 Device 8086:9BC5 Subsystem: 1458:D000
1006  |Info:    Registering I2C interface: /dev/i2c-1 Device 8086:9BC5 Subsystem: 1458:D000
1006  |Warning: [i2c_smbus_linux] Failed to read i2c device PCI device ID
1006  |Info:    Registering I2C interface: /dev/i2c-6 Device 0000:0000 Subsystem: 0000:0000
1006  |Info:    Registering I2C interface: /dev/i2c-4 Device 8086:9BC5 Subsystem: 1458:D000
1006  |Info:    Registering I2C interface: /dev/i2c-2 Device 8086:9BC5 Subsystem: 1458:D000
1006  |Info:    Registering I2C interface: /dev/i2c-0 Device 8086:06A3 Subsystem: 1458:5001
1006  |Warning: [i2c_smbus_linux] Failed to read i2c device PCI device ID
1006  |Info:    Registering I2C interface: /dev/i2c-5 Device 0000:0000 Subsystem: 0000:0000
1006  |Info:    ------------------------------------------------------
1006  |Info:    |               Detecting I2C devices                |
1006  |Info:    ------------------------------------------------------
1176  |Info:    [ASUS Aura Motherboard] Registering RGB controller
1602  |Info:    ------------------------------------------------------
1602  |Info:    |               Detecting I2C PCI devices            |
1602  |Info:    ------------------------------------------------------
1603  |Info:    ------------------------------------------------------
1603  |Info:    |               Detecting HID devices                |
1603  |Info:    ------------------------------------------------------
1713  |Info:    [Z490I AORUS ULTRA] Registering RGB controller
1715  |Info:    [Logitech G203 Lightsync] Registering RGB controller
1715  |Info:    ------------------------------------------------------
1715  |Info:    |            Detecting libusb HID devices            |
1715  |Info:    ------------------------------------------------------
1715  |Info:    ------------------------------------------------------
1715  |Info:    |              Detecting other devices               |
1715  |Info:    ------------------------------------------------------
1719  |Info:    ------------------------------------------------------
1719  |Info:    |                Detection completed                 |
1719  |Info:    ------------------------------------------------------
