    OpenRGB v0.81
    Commit:  from 
    Launched: 20230720_104044
====================================================================================================

1     |Info:    Found file: LED OFF.orp attempting to validate header
1     |Info:    Valid v4 profile found for LED OFF
1006  |Info:    ------------------------------------------------------
1006  |Info:    |               Start device detection               |
1006  |Info:    ------------------------------------------------------
1006  |Info:    Initializing HID interfaces: Success
1008  |Info:    ------------------------------------------------------
1008  |Info:    |             Detecting I2C interfaces               |
1008  |Info:    ------------------------------------------------------
1008  |Info:    Registering I2C interface: /dev/i2c-3 Device 8086:9BC5 Subsystem: 1458:D000
1008  |Info:    Registering I2C interface: /dev/i2c-1 Device 8086:9BC5 Subsystem: 1458:D000
1008  |Warning: [i2c_smbus_linux] Failed to read i2c device PCI device ID
1008  |Info:    Registering I2C interface: /dev/i2c-6 Device 0000:0000 Subsystem: 0000:0000
1008  |Info:    Registering I2C interface: /dev/i2c-4 Device 8086:9BC5 Subsystem: 1458:D000
1008  |Info:    Registering I2C interface: /dev/i2c-2 Device 8086:9BC5 Subsystem: 1458:D000
1008  |Info:    Registering I2C interface: /dev/i2c-0 Device 8086:06A3 Subsystem: 1458:5001
1008  |Warning: [i2c_smbus_linux] Failed to read i2c device PCI device ID
1008  |Info:    Registering I2C interface: /dev/i2c-5 Device 0000:0000 Subsystem: 0000:0000
1008  |Info:    ------------------------------------------------------
1008  |Info:    |               Detecting I2C devices                |
1008  |Info:    ------------------------------------------------------
1145  |Info:    [ASUS Aura Motherboard] Registering RGB controller
1553  |Info:    ------------------------------------------------------
1553  |Info:    |               Detecting I2C PCI devices            |
1553  |Info:    ------------------------------------------------------
1553  |Info:    ------------------------------------------------------
1553  |Info:    |               Detecting HID devices                |
1553  |Info:    ------------------------------------------------------
1725  |Info:    [Z490I AORUS ULTRA] Registering RGB controller
1727  |Info:    [Logitech G203 Lightsync] Registering RGB controller
1727  |Info:    ------------------------------------------------------
1727  |Info:    |            Detecting libusb HID devices            |
1727  |Info:    ------------------------------------------------------
1728  |Info:    ------------------------------------------------------
1728  |Info:    |              Detecting other devices               |
1728  |Info:    ------------------------------------------------------
1733  |Info:    ------------------------------------------------------
1733  |Info:    |                Detection completed                 |
1733  |Info:    ------------------------------------------------------
1733  |Info:    Profile loading: Succeeded for ASUS Aura Motherboard @ I2C: /dev/i2c-0, address 0x74
1733  |Info:    Profile loading: Succeeded for Z490I AORUS ULTRA @ HID: /dev/hidraw5
1733  |Info:    Profile loading: Succeeded for Logitech G203 Lightsync @ HID: /dev/hidraw1
