    OpenRGB v0.81
    Commit:  from 
    Launched: 20230718_023205
====================================================================================================

0     |Info:    Found file: LED OFF.orp attempting to validate header
0     |Info:    Valid v4 profile found for LED OFF
1003  |Info:    ------------------------------------------------------
1003  |Info:    |               Start device detection               |
1003  |Info:    ------------------------------------------------------
1003  |Info:    Initializing HID interfaces: Success
1005  |Info:    ------------------------------------------------------
1005  |Info:    |             Detecting I2C interfaces               |
1005  |Info:    ------------------------------------------------------
1005  |Info:    Registering I2C interface: /dev/i2c-3 Device 8086:9BC5 Subsystem: 1458:D000
1005  |Info:    Registering I2C interface: /dev/i2c-1 Device 8086:9BC5 Subsystem: 1458:D000
1005  |Warning: [i2c_smbus_linux] Failed to read i2c device PCI device ID
1007  |Info:    Registering I2C interface: /dev/i2c-6 Device 0000:0000 Subsystem: 0000:0000
1007  |Info:    Registering I2C interface: /dev/i2c-4 Device 8086:9BC5 Subsystem: 1458:D000
1007  |Info:    Registering I2C interface: /dev/i2c-2 Device 8086:9BC5 Subsystem: 1458:D000
1007  |Info:    Registering I2C interface: /dev/i2c-0 Device 8086:06A3 Subsystem: 1458:5001
1007  |Warning: [i2c_smbus_linux] Failed to read i2c device PCI device ID
1007  |Info:    Registering I2C interface: /dev/i2c-5 Device 0000:0000 Subsystem: 0000:0000
1007  |Info:    ------------------------------------------------------
1007  |Info:    |               Detecting I2C devices                |
1007  |Info:    ------------------------------------------------------
1156  |Info:    [ASUS Aura Motherboard] Registering RGB controller
1586  |Info:    ------------------------------------------------------
1586  |Info:    |               Detecting I2C PCI devices            |
1586  |Info:    ------------------------------------------------------
1587  |Info:    ------------------------------------------------------
1587  |Info:    |               Detecting HID devices                |
1587  |Info:    ------------------------------------------------------
1696  |Info:    [Z490I AORUS ULTRA] Registering RGB controller
1699  |Info:    [Logitech G203 Lightsync] Registering RGB controller
1699  |Info:    ------------------------------------------------------
1699  |Info:    |            Detecting libusb HID devices            |
1699  |Info:    ------------------------------------------------------
1699  |Info:    ------------------------------------------------------
1699  |Info:    |              Detecting other devices               |
1699  |Info:    ------------------------------------------------------
1702  |Info:    ------------------------------------------------------
1702  |Info:    |                Detection completed                 |
1702  |Info:    ------------------------------------------------------
