    OpenRGB v0.81
    Commit:  from 
    Launched: 20230718_193636
====================================================================================================

5     |Info:    Found file: LED OFF.orp attempting to validate header
5     |Info:    Valid v4 profile found for LED OFF
1010  |Info:    ------------------------------------------------------
1010  |Info:    |               Start device detection               |
1010  |Info:    ------------------------------------------------------
1011  |Info:    Initializing HID interfaces: Success
1015  |Info:    ------------------------------------------------------
1015  |Info:    |             Detecting I2C interfaces               |
1015  |Info:    ------------------------------------------------------
1022  |Info:    Registering I2C interface: /dev/i2c-3 Device 8086:9BC5 Subsystem: 1458:D000
1023  |Info:    Registering I2C interface: /dev/i2c-1 Device 8086:9BC5 Subsystem: 1458:D000
1023  |Warning: [i2c_smbus_linux] Failed to read i2c device PCI device ID
1023  |Info:    Registering I2C interface: /dev/i2c-6 Device 0000:0000 Subsystem: 0000:0000
1023  |Info:    Registering I2C interface: /dev/i2c-4 Device 8086:9BC5 Subsystem: 1458:D000
1023  |Info:    Registering I2C interface: /dev/i2c-2 Device 8086:9BC5 Subsystem: 1458:D000
1023  |Info:    Registering I2C interface: /dev/i2c-0 Device 8086:06A3 Subsystem: 1458:5001
1023  |Warning: [i2c_smbus_linux] Failed to read i2c device PCI device ID
1023  |Info:    Registering I2C interface: /dev/i2c-5 Device 0000:0000 Subsystem: 0000:0000
1023  |Info:    ------------------------------------------------------
1023  |Info:    |               Detecting I2C devices                |
1023  |Info:    ------------------------------------------------------
1228  |Info:    [ASUS Aura Motherboard] Registering RGB controller
1715  |Info:    ------------------------------------------------------
1715  |Info:    |               Detecting I2C PCI devices            |
1715  |Info:    ------------------------------------------------------
1717  |Info:    ------------------------------------------------------
1717  |Info:    |               Detecting HID devices                |
1717  |Info:    ------------------------------------------------------
1719  |Info:    [Logitech G203 Lightsync] Registering RGB controller
1720  |Info:    ------------------------------------------------------
1720  |Info:    |            Detecting libusb HID devices            |
1720  |Info:    ------------------------------------------------------
1720  |Info:    ------------------------------------------------------
1720  |Info:    |              Detecting other devices               |
1720  |Info:    ------------------------------------------------------
1726  |Info:    ------------------------------------------------------
1727  |Info:    |                Detection completed                 |
1727  |Info:    ------------------------------------------------------
