    OpenRGB v0.81
    Commit:  from 
    Launched: 20230722_110904
====================================================================================================

1     |Info:    Found file: LED OFF.orp attempting to validate header
1     |Info:    Valid v4 profile found for LED OFF
1008  |Info:    ------------------------------------------------------
1008  |Info:    |               Start device detection               |
1008  |Info:    ------------------------------------------------------
1009  |Info:    Initializing HID interfaces: Success
1010  |Info:    ------------------------------------------------------
1011  |Info:    |             Detecting I2C interfaces               |
1011  |Info:    ------------------------------------------------------
1011  |Info:    Registering I2C interface: /dev/i2c-3 Device 8086:9BC5 Subsystem: 1458:D000
1011  |Info:    Registering I2C interface: /dev/i2c-1 Device 8086:9BC5 Subsystem: 1458:D000
1011  |Warning: [i2c_smbus_linux] Failed to read i2c device PCI device ID
1011  |Info:    Registering I2C interface: /dev/i2c-6 Device 0000:0000 Subsystem: 0000:0000
1011  |Info:    Registering I2C interface: /dev/i2c-4 Device 8086:9BC5 Subsystem: 1458:D000
1011  |Info:    Registering I2C interface: /dev/i2c-2 Device 8086:9BC5 Subsystem: 1458:D000
1011  |Info:    Registering I2C interface: /dev/i2c-0 Device 8086:06A3 Subsystem: 1458:5001
1011  |Warning: [i2c_smbus_linux] Failed to read i2c device PCI device ID
1011  |Info:    Registering I2C interface: /dev/i2c-5 Device 0000:0000 Subsystem: 0000:0000
1011  |Info:    ------------------------------------------------------
1011  |Info:    |               Detecting I2C devices                |
1011  |Info:    ------------------------------------------------------
1174  |Info:    [ASUS Aura Motherboard] Registering RGB controller
1590  |Info:    ------------------------------------------------------
1590  |Info:    |               Detecting I2C PCI devices            |
1590  |Info:    ------------------------------------------------------
1590  |Info:    ------------------------------------------------------
1590  |Info:    |               Detecting HID devices                |
1590  |Info:    ------------------------------------------------------
1760  |Info:    [Z490I AORUS ULTRA] Registering RGB controller
1763  |Info:    [Logitech G203 Lightsync] Registering RGB controller
1763  |Info:    ------------------------------------------------------
1763  |Info:    |            Detecting libusb HID devices            |
1763  |Info:    ------------------------------------------------------
1763  |Info:    ------------------------------------------------------
1763  |Info:    |              Detecting other devices               |
1763  |Info:    ------------------------------------------------------
1772  |Info:    ------------------------------------------------------
1772  |Info:    |                Detection completed                 |
1772  |Info:    ------------------------------------------------------
1773  |Info:    Profile loading: Succeeded for ASUS Aura Motherboard @ I2C: /dev/i2c-0, address 0x74
1773  |Info:    Profile loading: Succeeded for Z490I AORUS ULTRA @ HID: /dev/hidraw5
1773  |Info:    Profile loading: Succeeded for Logitech G203 Lightsync @ HID: /dev/hidraw1
