    OpenRGB v0.81
    Commit:  from 
    Launched: 20230722_213817
====================================================================================================

1     |Info:    Found file: LED OFF.orp attempting to validate header
1     |Info:    Valid v4 profile found for LED OFF
1009  |Info:    ------------------------------------------------------
1009  |Info:    |               Start device detection               |
1009  |Info:    ------------------------------------------------------
1009  |Info:    Initializing HID interfaces: Success
1012  |Info:    ------------------------------------------------------
1012  |Info:    |             Detecting I2C interfaces               |
1012  |Info:    ------------------------------------------------------
1012  |Info:    Registering I2C interface: /dev/i2c-3 Device 8086:9BC5 Subsystem: 1458:D000
1012  |Info:    Registering I2C interface: /dev/i2c-1 Device 8086:9BC5 Subsystem: 1458:D000
1012  |Warning: [i2c_smbus_linux] Failed to read i2c device PCI device ID
1013  |Info:    Registering I2C interface: /dev/i2c-6 Device 0000:0000 Subsystem: 0000:0000
1013  |Info:    Registering I2C interface: /dev/i2c-4 Device 8086:9BC5 Subsystem: 1458:D000
1013  |Info:    Registering I2C interface: /dev/i2c-2 Device 8086:9BC5 Subsystem: 1458:D000
1013  |Info:    Registering I2C interface: /dev/i2c-0 Device 8086:06A3 Subsystem: 1458:5001
1013  |Warning: [i2c_smbus_linux] Failed to read i2c device PCI device ID
1014  |Info:    Registering I2C interface: /dev/i2c-5 Device 0000:0000 Subsystem: 0000:0000
1014  |Info:    ------------------------------------------------------
1014  |Info:    |               Detecting I2C devices                |
1014  |Info:    ------------------------------------------------------
1198  |Info:    [ASUS Aura Motherboard] Registering RGB controller
1614  |Info:    ------------------------------------------------------
1614  |Info:    |               Detecting I2C PCI devices            |
1614  |Info:    ------------------------------------------------------
1614  |Info:    ------------------------------------------------------
1614  |Info:    |               Detecting HID devices                |
1614  |Info:    ------------------------------------------------------
1782  |Info:    [Z490I AORUS ULTRA] Registering RGB controller
1786  |Info:    [Logitech G203 Lightsync] Registering RGB controller
1786  |Info:    ------------------------------------------------------
1786  |Info:    |            Detecting libusb HID devices            |
1786  |Info:    ------------------------------------------------------
1786  |Info:    ------------------------------------------------------
1786  |Info:    |              Detecting other devices               |
1786  |Info:    ------------------------------------------------------
1791  |Info:    ------------------------------------------------------
1791  |Info:    |                Detection completed                 |
1791  |Info:    ------------------------------------------------------
1792  |Info:    Profile loading: Succeeded for ASUS Aura Motherboard @ I2C: /dev/i2c-0, address 0x74
1792  |Info:    Profile loading: Succeeded for Z490I AORUS ULTRA @ HID: /dev/hidraw5
1792  |Info:    Profile loading: Succeeded for Logitech G203 Lightsync @ HID: /dev/hidraw1
