    OpenRGB v0.81
    Commit:  from 
    Launched: 20230718_023430
====================================================================================================

0     |Info:    Found file: LED OFF.orp attempting to validate header
0     |Info:    Valid v4 profile found for LED OFF
1003  |Info:    ------------------------------------------------------
1003  |Info:    |               Start device detection               |
1003  |Info:    ------------------------------------------------------
1004  |Info:    Initializing HID interfaces: Success
1005  |Info:    ------------------------------------------------------
1005  |Info:    |             Detecting I2C interfaces               |
1005  |Info:    ------------------------------------------------------
1005  |Info:    Registering I2C interface: /dev/i2c-3 Device 8086:9BC5 Subsystem: 1458:D000
1005  |Info:    Registering I2C interface: /dev/i2c-1 Device 8086:9BC5 Subsystem: 1458:D000
1005  |Warning: [i2c_smbus_linux] Failed to read i2c device PCI device ID
1005  |Info:    Registering I2C interface: /dev/i2c-6 Device 0000:0000 Subsystem: 0000:0000
1005  |Info:    Registering I2C interface: /dev/i2c-4 Device 8086:9BC5 Subsystem: 1458:D000
1005  |Info:    Registering I2C interface: /dev/i2c-2 Device 8086:9BC5 Subsystem: 1458:D000
1005  |Info:    Registering I2C interface: /dev/i2c-0 Device 8086:06A3 Subsystem: 1458:5001
1005  |Warning: [i2c_smbus_linux] Failed to read i2c device PCI device ID
1005  |Info:    Registering I2C interface: /dev/i2c-5 Device 0000:0000 Subsystem: 0000:0000
1005  |Info:    ------------------------------------------------------
1005  |Info:    |               Detecting I2C devices                |
1005  |Info:    ------------------------------------------------------
1155  |Info:    [ASUS Aura Motherboard] Registering RGB controller
1574  |Info:    ------------------------------------------------------
1574  |Info:    |               Detecting I2C PCI devices            |
1574  |Info:    ------------------------------------------------------
1574  |Info:    ------------------------------------------------------
1575  |Info:    |               Detecting HID devices                |
1575  |Info:    ------------------------------------------------------
1686  |Info:    [Z490I AORUS ULTRA] Registering RGB controller
1689  |Info:    [Logitech G203 Lightsync] Registering RGB controller
1689  |Info:    ------------------------------------------------------
1689  |Info:    |            Detecting libusb HID devices            |
1689  |Info:    ------------------------------------------------------
1689  |Info:    ------------------------------------------------------
1689  |Info:    |              Detecting other devices               |
1689  |Info:    ------------------------------------------------------
1692  |Info:    ------------------------------------------------------
1692  |Info:    |                Detection completed                 |
1692  |Info:    ------------------------------------------------------
