    OpenRGB v0.81
    Commit:  from 
    Launched: 20230719_114915
====================================================================================================

1     |Info:    Found file: LED OFF.orp attempting to validate header
1     |Info:    Valid v4 profile found for LED OFF
1006  |Info:    ------------------------------------------------------
1006  |Info:    |               Start device detection               |
1006  |Info:    ------------------------------------------------------
1006  |Info:    Initializing HID interfaces: Success
1007  |Info:    ------------------------------------------------------
1007  |Info:    |             Detecting I2C interfaces               |
1007  |Info:    ------------------------------------------------------
1007  |Info:    Registering I2C interface: /dev/i2c-3 Device 8086:9BC5 Subsystem: 1458:D000
1007  |Info:    Registering I2C interface: /dev/i2c-1 Device 8086:9BC5 Subsystem: 1458:D000
1007  |Warning: [i2c_smbus_linux] Failed to read i2c device PCI device ID
1008  |Info:    Registering I2C interface: /dev/i2c-6 Device 0000:0000 Subsystem: 0000:0000
1008  |Info:    Registering I2C interface: /dev/i2c-4 Device 8086:9BC5 Subsystem: 1458:D000
1010  |Info:    Registering I2C interface: /dev/i2c-2 Device 8086:9BC5 Subsystem: 1458:D000
1010  |Info:    Registering I2C interface: /dev/i2c-0 Device 8086:06A3 Subsystem: 1458:5001
1010  |Warning: [i2c_smbus_linux] Failed to read i2c device PCI device ID
1010  |Info:    Registering I2C interface: /dev/i2c-5 Device 0000:0000 Subsystem: 0000:0000
1010  |Info:    ------------------------------------------------------
1010  |Info:    |               Detecting I2C devices                |
1010  |Info:    ------------------------------------------------------
1149  |Info:    [ASUS Aura Motherboard] Registering RGB controller
1572  |Info:    ------------------------------------------------------
1572  |Info:    |               Detecting I2C PCI devices            |
1572  |Info:    ------------------------------------------------------
1573  |Info:    ------------------------------------------------------
1573  |Info:    |               Detecting HID devices                |
1573  |Info:    ------------------------------------------------------
1748  |Info:    [Z490I AORUS ULTRA] Registering RGB controller
1750  |Info:    [Logitech G203 Lightsync] Registering RGB controller
1750  |Info:    ------------------------------------------------------
1750  |Info:    |            Detecting libusb HID devices            |
1750  |Info:    ------------------------------------------------------
1750  |Info:    ------------------------------------------------------
1750  |Info:    |              Detecting other devices               |
1750  |Info:    ------------------------------------------------------
1754  |Info:    ------------------------------------------------------
1754  |Info:    |                Detection completed                 |
1754  |Info:    ------------------------------------------------------
