    OpenRGB v0.81
    Commit:  from 
    Launched: 20230718_023453
====================================================================================================

1     |Info:    Found file: LED OFF.orp attempting to validate header
1     |Info:    Valid v4 profile found for LED OFF
1004  |Info:    ------------------------------------------------------
1004  |Info:    |               Start device detection               |
1004  |Info:    ------------------------------------------------------
1004  |Info:    Initializing HID interfaces: Success
1006  |Info:    ------------------------------------------------------
1006  |Info:    |             Detecting I2C interfaces               |
1006  |Info:    ------------------------------------------------------
1008  |Info:    Registering I2C interface: /dev/i2c-3 Device 8086:9BC5 Subsystem: 1458:D000
1008  |Info:    Registering I2C interface: /dev/i2c-1 Device 8086:9BC5 Subsystem: 1458:D000
1008  |Warning: [i2c_smbus_linux] Failed to read i2c device PCI device ID
1008  |Info:    Registering I2C interface: /dev/i2c-6 Device 0000:0000 Subsystem: 0000:0000
1008  |Info:    Registering I2C interface: /dev/i2c-4 Device 8086:9BC5 Subsystem: 1458:D000
1008  |Info:    Registering I2C interface: /dev/i2c-2 Device 8086:9BC5 Subsystem: 1458:D000
1009  |Info:    Registering I2C interface: /dev/i2c-0 Device 8086:06A3 Subsystem: 1458:5001
1009  |Warning: [i2c_smbus_linux] Failed to read i2c device PCI device ID
1009  |Info:    Registering I2C interface: /dev/i2c-5 Device 0000:0000 Subsystem: 0000:0000
1009  |Info:    ------------------------------------------------------
1009  |Info:    |               Detecting I2C devices                |
1009  |Info:    ------------------------------------------------------
1160  |Info:    [ASUS Aura Motherboard] Registering RGB controller
1576  |Info:    ------------------------------------------------------
1576  |Info:    |               Detecting I2C PCI devices            |
1576  |Info:    ------------------------------------------------------
1576  |Info:    ------------------------------------------------------
1576  |Info:    |               Detecting HID devices                |
1576  |Info:    ------------------------------------------------------
1689  |Info:    [Z490I AORUS ULTRA] Registering RGB controller
1691  |Info:    [Logitech G203 Lightsync] Registering RGB controller
1691  |Info:    ------------------------------------------------------
1691  |Info:    |            Detecting libusb HID devices            |
1691  |Info:    ------------------------------------------------------
1691  |Info:    ------------------------------------------------------
1691  |Info:    |              Detecting other devices               |
1691  |Info:    ------------------------------------------------------
1696  |Info:    ------------------------------------------------------
1696  |Info:    |                Detection completed                 |
1696  |Info:    ------------------------------------------------------
