    OpenRGB v0.81
    Commit:  from 
    Launched: 20230722_003755
====================================================================================================

1     |Info:    Found file: LED OFF.orp attempting to validate header
1     |Info:    Valid v4 profile found for LED OFF
1012  |Info:    ------------------------------------------------------
1012  |Info:    |               Start device detection               |
1012  |Info:    ------------------------------------------------------
1013  |Info:    Initializing HID interfaces: Success
1017  |Info:    ------------------------------------------------------
1017  |Info:    |             Detecting I2C interfaces               |
1017  |Info:    ------------------------------------------------------
1017  |Info:    Registering I2C interface: /dev/i2c-3 Device 8086:9BC5 Subsystem: 1458:D000
1017  |Info:    Registering I2C interface: /dev/i2c-1 Device 8086:9BC5 Subsystem: 1458:D000
1017  |Warning: [i2c_smbus_linux] Failed to read i2c device PCI device ID
1017  |Info:    Registering I2C interface: /dev/i2c-6 Device 0000:0000 Subsystem: 0000:0000
1017  |Info:    Registering I2C interface: /dev/i2c-4 Device 8086:9BC5 Subsystem: 1458:D000
1017  |Info:    Registering I2C interface: /dev/i2c-2 Device 8086:9BC5 Subsystem: 1458:D000
1017  |Info:    Registering I2C interface: /dev/i2c-0 Device 8086:06A3 Subsystem: 1458:5001
1017  |Warning: [i2c_smbus_linux] Failed to read i2c device PCI device ID
1017  |Info:    Registering I2C interface: /dev/i2c-5 Device 0000:0000 Subsystem: 0000:0000
1017  |Info:    ------------------------------------------------------
1017  |Info:    |               Detecting I2C devices                |
1017  |Info:    ------------------------------------------------------
1183  |Info:    [ASUS Aura Motherboard] Registering RGB controller
1612  |Info:    ------------------------------------------------------
1612  |Info:    |               Detecting I2C PCI devices            |
1612  |Info:    ------------------------------------------------------
1612  |Info:    ------------------------------------------------------
1612  |Info:    |               Detecting HID devices                |
1612  |Info:    ------------------------------------------------------
1804  |Info:    [Z490I AORUS ULTRA] Registering RGB controller
1807  |Info:    [Logitech G203 Lightsync] Registering RGB controller
1807  |Info:    ------------------------------------------------------
1807  |Info:    |            Detecting libusb HID devices            |
1807  |Info:    ------------------------------------------------------
1807  |Info:    ------------------------------------------------------
1807  |Info:    |              Detecting other devices               |
1807  |Info:    ------------------------------------------------------
1811  |Info:    ------------------------------------------------------
1812  |Info:    |                Detection completed                 |
1812  |Info:    ------------------------------------------------------
1812  |Info:    Profile loading: Succeeded for ASUS Aura Motherboard @ I2C: /dev/i2c-0, address 0x74
1812  |Info:    Profile loading: Succeeded for Z490I AORUS ULTRA @ HID: /dev/hidraw5
1812  |Info:    Profile loading: Succeeded for Logitech G203 Lightsync @ HID: /dev/hidraw1
2350991|Info:    Found file: LED OFF.orp attempting to validate header
2350991|Info:    Valid v4 profile found for LED OFF
2354989|Info:    Found file: LED OFF.orp attempting to validate header
2354989|Info:    Valid v4 profile found for LED OFF
