    OpenRGB v0.81
    Commit:  from 
    Launched: 20230719_194258
====================================================================================================

0     |Info:    Found file: LED OFF.orp attempting to validate header
0     |Info:    Valid v4 profile found for LED OFF
1001  |Info:    ------------------------------------------------------
1001  |Info:    |               Start device detection               |
1001  |Info:    ------------------------------------------------------
1001  |Info:    Initializing HID interfaces: Success
1003  |Info:    ------------------------------------------------------
1003  |Info:    |             Detecting I2C interfaces               |
1003  |Info:    ------------------------------------------------------
1003  |Info:    Registering I2C interface: /dev/i2c-3 Device 8086:9BC5 Subsystem: 1458:D000
1003  |Info:    Registering I2C interface: /dev/i2c-1 Device 8086:9BC5 Subsystem: 1458:D000
1003  |Warning: [i2c_smbus_linux] Failed to read i2c device PCI device ID
1003  |Info:    Registering I2C interface: /dev/i2c-6 Device 0000:0000 Subsystem: 0000:0000
1003  |Info:    Registering I2C interface: /dev/i2c-4 Device 8086:9BC5 Subsystem: 1458:D000
1003  |Info:    Registering I2C interface: /dev/i2c-2 Device 8086:9BC5 Subsystem: 1458:D000
1003  |Info:    Registering I2C interface: /dev/i2c-0 Device 8086:06A3 Subsystem: 1458:5001
1003  |Warning: [i2c_smbus_linux] Failed to read i2c device PCI device ID
1003  |Info:    Registering I2C interface: /dev/i2c-5 Device 0000:0000 Subsystem: 0000:0000
1003  |Info:    ------------------------------------------------------
1003  |Info:    |               Detecting I2C devices                |
1003  |Info:    ------------------------------------------------------
1151  |Info:    [ASUS Aura Motherboard] Registering RGB controller
1571  |Info:    ------------------------------------------------------
1571  |Info:    |               Detecting I2C PCI devices            |
1571  |Info:    ------------------------------------------------------
1572  |Info:    ------------------------------------------------------
1572  |Info:    |               Detecting HID devices                |
1572  |Info:    ------------------------------------------------------
1742  |Info:    [Z490I AORUS ULTRA] Registering RGB controller
1744  |Info:    [Logitech G203 Lightsync] Registering RGB controller
1744  |Info:    ------------------------------------------------------
1744  |Info:    |            Detecting libusb HID devices            |
1744  |Info:    ------------------------------------------------------
1744  |Info:    ------------------------------------------------------
1744  |Info:    |              Detecting other devices               |
1744  |Info:    ------------------------------------------------------
1750  |Info:    ------------------------------------------------------
1750  |Info:    |                Detection completed                 |
1750  |Info:    ------------------------------------------------------
1750  |Info:    Profile loading: Succeeded for ASUS Aura Motherboard @ I2C: /dev/i2c-0, address 0x74
1750  |Info:    Profile loading: Succeeded for Z490I AORUS ULTRA @ HID: /dev/hidraw5
1750  |Info:    Profile loading: Succeeded for Logitech G203 Lightsync @ HID: /dev/hidraw1
