    OpenRGB v0.81
    Commit:  from 
    Launched: 20230719_102928
====================================================================================================

0     |Info:    Found file: LED OFF.orp attempting to validate header
0     |Info:    Valid v4 profile found for LED OFF
1013  |Info:    ------------------------------------------------------
1013  |Info:    |               Start device detection               |
1013  |Info:    ------------------------------------------------------
1013  |Info:    Initializing HID interfaces: Success
1015  |Info:    ------------------------------------------------------
1015  |Info:    |             Detecting I2C interfaces               |
1015  |Info:    ------------------------------------------------------
1017  |Info:    Registering I2C interface: /dev/i2c-3 Device 8086:9BC5 Subsystem: 1458:D000
1017  |Info:    Registering I2C interface: /dev/i2c-1 Device 8086:9BC5 Subsystem: 1458:D000
1017  |Warning: [i2c_smbus_linux] Failed to read i2c device PCI device ID
1017  |Info:    Registering I2C interface: /dev/i2c-6 Device 0000:0000 Subsystem: 0000:0000
1017  |Info:    Registering I2C interface: /dev/i2c-4 Device 8086:9BC5 Subsystem: 1458:D000
1017  |Info:    Registering I2C interface: /dev/i2c-2 Device 8086:9BC5 Subsystem: 1458:D000
1017  |Info:    Registering I2C interface: /dev/i2c-0 Device 8086:06A3 Subsystem: 1458:5001
1018  |Warning: [i2c_smbus_linux] Failed to read i2c device PCI device ID
1018  |Info:    Registering I2C interface: /dev/i2c-5 Device 0000:0000 Subsystem: 0000:0000
1018  |Info:    ------------------------------------------------------
1018  |Info:    |               Detecting I2C devices                |
1018  |Info:    ------------------------------------------------------
1328  |Info:    [ASUS Aura Motherboard] Registering RGB controller
1930  |Info:    ------------------------------------------------------
1930  |Info:    |               Detecting I2C PCI devices            |
1930  |Info:    ------------------------------------------------------
1931  |Info:    ------------------------------------------------------
1931  |Info:    |               Detecting HID devices                |
1931  |Info:    ------------------------------------------------------
2103  |Info:    [Z490I AORUS ULTRA] Registering RGB controller
2105  |Info:    [Logitech G203 Lightsync] Registering RGB controller
2105  |Info:    ------------------------------------------------------
2105  |Info:    |            Detecting libusb HID devices            |
2105  |Info:    ------------------------------------------------------
2105  |Info:    ------------------------------------------------------
2105  |Info:    |              Detecting other devices               |
2105  |Info:    ------------------------------------------------------
2110  |Info:    ------------------------------------------------------
2110  |Info:    |                Detection completed                 |
2110  |Info:    ------------------------------------------------------
12623 |Info:    Profile loading: Succeeded for ASUS Aura Motherboard @ I2C: /dev/i2c-0, address 0x74
12623 |Info:    Profile loading: Succeeded for Z490I AORUS ULTRA @ HID: /dev/hidraw5
12623 |Info:    Profile loading: Succeeded for Logitech G203 Lightsync @ HID: /dev/hidraw1
